app/build/intermediates/manifest_merge_blame_file/release/manifest-merger-blame-release-report.txt
1<?xml version="1.0" encoding="utf-8"?>
2<manifest xmlns:android="http://schemas.android.com/apk/res/android"
3    package="com.genicFSM"
4    android:hardwareAccelerated="true"
5    android:versionCode="10500"
6    android:versionName="1.5" >
7
8    <uses-sdk
9        android:minSdkVersion="19"
9-->src\main\AndroidManifest.xml
10        android:targetSdkVersion="29" />
10-->src\main\AndroidManifest.xml
11
12    <supports-screens
12-->src\main\AndroidManifest.xml:3:5-191
13        android:anyDensity="true"
13-->src\main\AndroidManifest.xml:3:23-48
14        android:largeScreens="true"
14-->src\main\AndroidManifest.xml:3:49-76
15        android:normalScreens="true"
15-->src\main\AndroidManifest.xml:3:77-105
16        android:resizeable="true"
16-->src\main\AndroidManifest.xml:3:106-131
17        android:smallScreens="true"
17-->src\main\AndroidManifest.xml:3:132-159
18        android:xlargeScreens="true" />
18-->src\main\AndroidManifest.xml:3:160-188
19
20    <uses-permission android:name="android.permission.INTERNET" />
20-->src\main\AndroidManifest.xml:4:5-67
20-->src\main\AndroidManifest.xml:4:22-64
21    <uses-permission android:name="android.permission.WRITE_EXTERNAL_STORAGE" />
21-->src\main\AndroidManifest.xml:32:5-81
21-->src\main\AndroidManifest.xml:32:22-78
22    <uses-permission android:name="android.permission.READ_EXTERNAL_STORAGE" />
22-->src\main\AndroidManifest.xml:33:5-80
22-->src\main\AndroidManifest.xml:33:22-77
23    <uses-permission android:name="android.permission.RECORD_AUDIO" />
23-->src\main\AndroidManifest.xml:34:5-71
23-->src\main\AndroidManifest.xml:34:22-68
24    <uses-permission android:name="android.permission.RECORD_VIDEO" />
24-->src\main\AndroidManifest.xml:35:5-71
24-->src\main\AndroidManifest.xml:35:22-68
25
26    <uses-feature
26-->src\main\AndroidManifest.xml:36:5-88
27        android:name="android.hardware.telephony"
27-->src\main\AndroidManifest.xml:36:19-60
28        android:required="false" />
28-->src\main\AndroidManifest.xml:36:61-85
29
30    <uses-permission android:name="android.permission.CALL_PHONE" />
30-->src\main\AndroidManifest.xml:37:5-69
30-->src\main\AndroidManifest.xml:37:22-66
31    <uses-permission android:name="android.permission.ACCESS_NETWORK_STATE" />
31-->src\main\AndroidManifest.xml:38:5-79
31-->src\main\AndroidManifest.xml:38:22-76
32    <uses-permission android:name="android.permission.WAKE_LOCK" /> <!-- Required by older versions of Google Play services to create IID tokens -->
32-->[com.google.firebase:firebase-iid:19.0.0] AndroidManifest.xml:24:5-68
32-->[com.google.firebase:firebase-iid:19.0.0] AndroidManifest.xml:24:22-65
33    <uses-permission android:name="com.google.android.c2dm.permission.RECEIVE" />
33-->[com.google.firebase:firebase-iid:19.0.0] AndroidManifest.xml:26:5-82
33-->[com.google.firebase:firebase-iid:19.0.0] AndroidManifest.xml:26:22-79
34
35    <application
35-->src\main\AndroidManifest.xml:5:5-31:19
36        android:appComponentFactory="androidx.core.app.CoreComponentFactory"
36-->[androidx.core:core:1.0.0] AndroidManifest.xml:22:18-86
37        android:hardwareAccelerated="true"
37-->src\main\AndroidManifest.xml:5:18-52
38        android:icon="@mipmap/ic_launcher"
38-->src\main\AndroidManifest.xml:5:53-87
39        android:label="@string/app_name"
39-->src\main\AndroidManifest.xml:5:88-120
40        android:supportsRtl="true"
40-->src\main\AndroidManifest.xml:5:121-147
41        android:usesCleartextTraffic="true" >
41-->src\main\AndroidManifest.xml:5:148-183
42        <activity
42-->src\main\AndroidManifest.xml:6:9-11:20
43            android:name="com.genicFSM.MainActivity"
43-->src\main\AndroidManifest.xml:6:205-232
44            android:configChanges="orientation|keyboardHidden|keyboard|screenSize|locale|smallestScreenSize|screenLayout|uiMode"
44-->src\main\AndroidManifest.xml:6:19-135
45            android:label="@string/activity_name"
45-->src\main\AndroidManifest.xml:6:136-173
46            android:launchMode="singleTop"
46-->src\main\AndroidManifest.xml:6:174-204
47            android:screenOrientation="portrait"
47-->src\main\AndroidManifest.xml:6:233-269
48            android:theme="@android:style/Theme.DeviceDefault.NoActionBar"
48-->src\main\AndroidManifest.xml:6:270-332
49            android:windowSoftInputMode="adjustResize" >
49-->src\main\AndroidManifest.xml:6:333-375
50            <intent-filter android:label="@string/launcher_name" >
50-->src\main\AndroidManifest.xml:7:13-10:29
50-->src\main\AndroidManifest.xml:7:28-65
51                <action android:name="android.intent.action.MAIN" />
51-->src\main\AndroidManifest.xml:8:17-69
51-->src\main\AndroidManifest.xml:8:25-66
52
53                <category android:name="android.intent.category.LAUNCHER" />
53-->src\main\AndroidManifest.xml:9:17-77
53-->src\main\AndroidManifest.xml:9:27-74
54            </intent-filter>
55        </activity>
56        <activity
56-->src\main\AndroidManifest.xml:12:9-143
57            android:name="com.sarriaroman.PhotoViewer.PhotoActivity"
57-->src\main\AndroidManifest.xml:12:19-75
58            android:theme="@android:style/Theme.Holo.NoActionBar.Fullscreen" />
58-->src\main\AndroidManifest.xml:12:76-140
59
60        <provider
61            android:name="org.apache.cordova.camera.FileProvider"
61-->src\main\AndroidManifest.xml:13:127-180
62            android:authorities="com.genicFSM.provider"
62-->src\main\AndroidManifest.xml:13:19-66
63            android:exported="false"
63-->src\main\AndroidManifest.xml:13:67-91
64            android:grantUriPermissions="true" >
64-->src\main\AndroidManifest.xml:13:92-126
65            <meta-data
65-->src\main\AndroidManifest.xml:14:13-123
66                android:name="android.support.FILE_PROVIDER_PATHS"
66-->src\main\AndroidManifest.xml:14:24-74
67                android:resource="@xml/camera_provider_paths" />
67-->src\main\AndroidManifest.xml:14:75-120
68        </provider>
69
70        <activity
70-->src\main\AndroidManifest.xml:16:9-21:20
71            android:name="com.gae.scaffolder.plugin.FCMPluginActivity"
71-->src\main\AndroidManifest.xml:16:50-108
72            android:launchMode="singleTop" >
72-->src\main\AndroidManifest.xml:16:19-49
73            <intent-filter>
73-->src\main\AndroidManifest.xml:17:13-20:29
74                <action android:name="FCM_PLUGIN_ACTIVITY" />
74-->src\main\AndroidManifest.xml:18:17-62
74-->src\main\AndroidManifest.xml:18:25-59
75
76                <category android:name="android.intent.category.DEFAULT" />
76-->src\main\AndroidManifest.xml:19:17-76
76-->src\main\AndroidManifest.xml:19:27-73
77            </intent-filter>
78        </activity>
79
80        <service
80-->src\main\AndroidManifest.xml:22:9-26:19
81            android:name="com.gae.scaffolder.plugin.MyFirebaseMessagingService"
81-->src\main\AndroidManifest.xml:22:18-85
82            android:stopWithTask="false" >
82-->src\main\AndroidManifest.xml:22:86-114
83            <intent-filter>
83-->src\main\AndroidManifest.xml:23:13-25:29
84                <action android:name="com.google.firebase.MESSAGING_EVENT" />
84-->src\main\AndroidManifest.xml:24:17-78
84-->src\main\AndroidManifest.xml:24:25-75
85            </intent-filter>
86        </service>
87
88        <meta-data
88-->src\main\AndroidManifest.xml:27:9-132
89            android:name="com.google.firebase.messaging.default_notification_icon"
89-->src\main\AndroidManifest.xml:27:20-90
90            android:resource="@mipmap/ic_launcher" />
90-->src\main\AndroidManifest.xml:27:91-129
91
92        <provider
93            android:name="io.github.pwlin.cordova.plugins.fileopener2.FileProvider"
93-->src\main\AndroidManifest.xml:28:134-205
94            android:authorities="com.genicFSM.opener.provider"
94-->src\main\AndroidManifest.xml:28:19-73
95            android:exported="false"
95-->src\main\AndroidManifest.xml:28:74-98
96            android:grantUriPermissions="true" >
96-->src\main\AndroidManifest.xml:28:99-133
97            <meta-data
97-->src\main\AndroidManifest.xml:14:13-123
98                android:name="android.support.FILE_PROVIDER_PATHS"
98-->src\main\AndroidManifest.xml:14:24-74
99                android:resource="@xml/opener_paths" />
99-->src\main\AndroidManifest.xml:14:75-120
100        </provider>
101        <!--
102             FirebaseMessagingService performs security checks at runtime,
103             but set to not exported to explicitly avoid allowing another app to call it.
104        -->
105        <service
105-->[com.google.firebase:firebase-messaging:19.0.0] AndroidManifest.xml:28:9-34:19
106            android:name="com.google.firebase.messaging.FirebaseMessagingService"
106-->[com.google.firebase:firebase-messaging:19.0.0] AndroidManifest.xml:29:13-82
107            android:exported="false" >
107-->[com.google.firebase:firebase-messaging:19.0.0] AndroidManifest.xml:30:13-37
108            <intent-filter android:priority="-500" >
108-->src\main\AndroidManifest.xml:23:13-25:29
109                <action android:name="com.google.firebase.MESSAGING_EVENT" />
109-->src\main\AndroidManifest.xml:24:17-78
109-->src\main\AndroidManifest.xml:24:25-75
110            </intent-filter>
111        </service>
112        <service
112-->[com.google.firebase:firebase-iid:19.0.0] AndroidManifest.xml:29:9-35:19
113            android:name="com.google.firebase.components.ComponentDiscoveryService"
113-->[com.google.firebase:firebase-iid:19.0.0] AndroidManifest.xml:30:13-84
114            android:exported="false" >
114-->[com.google.firebase:firebase-iid:19.0.0] AndroidManifest.xml:31:13-37
115            <meta-data
115-->[com.google.firebase:firebase-iid:19.0.0] AndroidManifest.xml:32:13-34:85
116                android:name="com.google.firebase.components:com.google.firebase.iid.Registrar"
116-->[com.google.firebase:firebase-iid:19.0.0] AndroidManifest.xml:33:17-96
117                android:value="com.google.firebase.components.ComponentRegistrar" />
117-->[com.google.firebase:firebase-iid:19.0.0] AndroidManifest.xml:34:17-82
118        </service>
119
120        <receiver
120-->[com.google.firebase:firebase-iid:19.0.0] AndroidManifest.xml:37:9-44:20
121            android:name="com.google.firebase.iid.FirebaseInstanceIdReceiver"
121-->[com.google.firebase:firebase-iid:19.0.0] AndroidManifest.xml:38:13-78
122            android:exported="true"
122-->[com.google.firebase:firebase-iid:19.0.0] AndroidManifest.xml:39:13-36
123            android:permission="com.google.android.c2dm.permission.SEND" >
123-->[com.google.firebase:firebase-iid:19.0.0] AndroidManifest.xml:40:13-73
124            <intent-filter>
124-->[com.google.firebase:firebase-iid:19.0.0] AndroidManifest.xml:41:13-43:29
125                <action android:name="com.google.android.c2dm.intent.RECEIVE" />
125-->[com.google.firebase:firebase-iid:19.0.0] AndroidManifest.xml:42:17-81
125-->[com.google.firebase:firebase-iid:19.0.0] AndroidManifest.xml:42:25-78
126            </intent-filter>
127        </receiver>
128
129        <provider
129-->[com.google.firebase:firebase-common:18.0.0] AndroidManifest.xml:12:9-16:39
130            android:name="com.google.firebase.provider.FirebaseInitProvider"
130-->[com.google.firebase:firebase-common:18.0.0] AndroidManifest.xml:13:13-77
131            android:authorities="com.genicFSM.firebaseinitprovider"
131-->[com.google.firebase:firebase-common:18.0.0] AndroidManifest.xml:14:13-72
132            android:exported="false"
132-->[com.google.firebase:firebase-common:18.0.0] AndroidManifest.xml:15:13-37
133            android:initOrder="100" />
133-->[com.google.firebase:firebase-common:18.0.0] AndroidManifest.xml:16:13-36
134
135        <activity
135-->[com.google.android.gms:play-services-base:17.0.0] AndroidManifest.xml:23:9-26:75
136            android:name="com.google.android.gms.common.api.GoogleApiActivity"
136-->[com.google.android.gms:play-services-base:17.0.0] AndroidManifest.xml:24:13-79
137            android:exported="false"
137-->[com.google.android.gms:play-services-base:17.0.0] AndroidManifest.xml:25:13-37
138            android:theme="@android:style/Theme.Translucent.NoTitleBar" />
138-->[com.google.android.gms:play-services-base:17.0.0] AndroidManifest.xml:26:13-72
139
140        <meta-data
140-->[com.google.android.gms:play-services-basement:17.0.0] AndroidManifest.xml:23:9-25:69
141            android:name="com.google.android.gms.version"
141-->[com.google.android.gms:play-services-basement:17.0.0] AndroidManifest.xml:24:13-58
142            android:value="@integer/google_play_services_version" />
142-->[com.google.android.gms:play-services-basement:17.0.0] AndroidManifest.xml:25:13-66
143    </application>
144
145</manifest>